assets/my/android/build/outputs/logs/manifest-merger-debug-report.txt
-- Merging decision tree log ---
manifest
ADDED from RogueLike\android\AndroidManifest.xml:2:1-27:12
INJECTED from RogueLike\android\AndroidManifest.xml:2:1-27:12
INJECTED from RogueLike\android\AndroidManifest.xml:2:1-27:12
INJECTED from RogueLike\android\AndroidManifest.xml:2:1-27:12
MERGED from [com.badlogicgames.gdx:gdx-backend-android:1.12.1] AndroidManifest.xml:2:1-13:12
	package
		INJECTED from RogueLike\android\AndroidManifest.xml
	android:versionName
		INJECTED from RogueLike\android\AndroidManifest.xml
	xmlns:tools
		ADDED from RogueLike\android\AndroidManifest.xml:3:5-51
	android:versionCode
		INJECTED from RogueLike\android\AndroidManifest.xml
	xmlns:android
		ADDED from RogueLike\android\AndroidManifest.xml:2:11-69
uses-feature#0x00020000
ADDED from RogueLike\android\AndroidManifest.xml:4:3-75
MERGED from [com.badlogicgames.gdx:gdx-backend-android:1.12.1] AndroidManifest.xml:9:5-11:35
MERGED from [com.badlogicgames.gdx:gdx-backend-android:1.12.1] AndroidManifest.xml:9:5-11:35
	android:glEsVersion
		ADDED from RogueLike\android\AndroidManifest.xml:4:17-49
	android:required
		ADDED from RogueLike\android\AndroidManifest.xml:4:50-73
application
ADDED from RogueLike\android\AndroidManifest.xml:5:3-25:17
INJECTED from RogueLike\android\AndroidManifest.xml:5:3-25:17
	android:extractNativeLibs
		INJECTED from RogueLike\android\AndroidManifest.xml
	android:label
		ADDED from RogueLike\android\AndroidManifest.xml:11:7-39
	android:fullBackupContent
		ADDED from RogueLike\android\AndroidManifest.xml:7:7-39
	android:appCategory
		ADDED from RogueLike\android\AndroidManifest.xml:10:7-33
	tools:ignore
		ADDED from RogueLike\android\AndroidManifest.xml:12:7-37
	android:icon
		ADDED from RogueLike\android\AndroidManifest.xml:8:7-42
	android:allowBackup
		ADDED from RogueLike\android\AndroidManifest.xml:6:7-33
	android:theme
		ADDED from RogueLike\android\AndroidManifest.xml:13:7-38
	android:isGame
		ADDED from RogueLike\android\AndroidManifest.xml:9:7-28
activity#io.home.android.AndroidLauncher
ADDED from RogueLike\android\AndroidManifest.xml:14:5-24:16
	android:screenOrientation
		ADDED from RogueLike\android\AndroidManifest.xml:17:9-46
	android:label
		ADDED from RogueLike\android\AndroidManifest.xml:16:9-41
	android:exported
		ADDED from RogueLike\android\AndroidManifest.xml:19:9-32
	android:configChanges
		ADDED from RogueLike\android\AndroidManifest.xml:18:9-103
	android:name
		ADDED from RogueLike\android\AndroidManifest.xml:15:9-55
intent-filter#action:name:android.intent.action.MAIN+category:name:android.intent.category.LAUNCHER
ADDED from RogueLike\android\AndroidManifest.xml:20:9-23:23
action#android.intent.action.MAIN
ADDED from RogueLike\android\AndroidManifest.xml:21:9-60
	android:name
		ADDED from RogueLike\android\AndroidManifest.xml:21:17-58
category#android.intent.category.LAUNCHER
ADDED from RogueLike\android\AndroidManifest.xml:22:9-68
	android:name
		ADDED from RogueLike\android\AndroidManifest.xml:22:19-66
uses-sdk
INJECTED from RogueLike\android\AndroidManifest.xml reason: use-sdk injection requested
INJECTED from RogueLike\android\AndroidManifest.xml
INJECTED from RogueLike\android\AndroidManifest.xml
MERGED from [com.badlogicgames.gdx:gdx-backend-android:1.12.1] AndroidManifest.xml:5:5-7:41
MERGED from [com.badlogicgames.gdx:gdx-backend-android:1.12.1] AndroidManifest.xml:5:5-7:41
	android:targetSdkVersion
		INJECTED from RogueLike\android\AndroidManifest.xml
	android:minSdkVersion
		INJECTED from RogueLike\android\AndroidManifest.xml